#
# There is insufficient memory for the Java Runtime Environment to continue.
# Native memory allocation (malloc) failed to allocate 808 bytes for AllocateHeap
# Possible reasons:
#   The system is out of physical RAM or swap space
#   The process is running with CompressedOops enabled, and the Java Heap may be blocking the growth of the native heap
# Possible solutions:
#   Reduce memory load on the system
#   Increase physical memory or swap space
#   Check if swap backing store is full
#   Decrease Java heap size (-Xmx/-Xms)
#   Decrease number of Java threads
#   Decrease Java thread stack sizes (-Xss)
#   Set larger code cache with -XX:ReservedCodeCacheSize=
#   JVM is running with Unscaled Compressed Oops mode in which the Java heap is
#     placed in the first 4GB address space. The Java Heap base address is the
#     maximum limit for the native heap growth. Please use -XX:HeapBaseMinAddress
#     to set the Java Heap base and to place the Java Heap above 4GB virtual address.
# This output file may be truncated or incomplete.
#
#  Out of Memory Error (c:/BuildAgent/work/5ff2f6c26000d570/src/hotspot/share/memory/allocation.cpp:46), pid=3172, tid=15792
#
# JRE version: OpenJDK Runtime Environment (11.0.3+12) (build 11.0.3+12-b304.39)
# Java VM: OpenJDK 64-Bit Server VM (11.0.3+12-b304.39, mixed mode, tiered, compressed oops, g1 gc, windows-amd64)
# No core dump will be written. Minidumps are not enabled by default on client versions of Windows
#

---------------  S U M M A R Y ------------

Command Line: org.jetbrains.git4idea.http.GitAskPassApp Username for 'http://jcode.cbpmgt.com': 

Host: Intel(R) Xeon(R) CPU E3-1225 v6 @ 3.30GHz, 4 cores, 7G,  Windows 10 , 64 bit Build 18362 (10.0.18362.329)
Time: Wed Apr 22 13:34:52 2020 ?D1¨²¡À¨º¡Á?¨º¡À?? elapsed time: 0 seconds (0d 0h 0m 0s)

---------------  T H R E A D  ---------------

Current thread (0x00000154ab063800):  JavaThread "main" [_thread_in_vm, id=15792, stack(0x0000000355c00000,0x0000000355d00000)]

Stack: [0x0000000355c00000,0x0000000355d00000]
Native frames: (J=compiled Java code, j=interpreted, Vv=VM code, C=native code)
V  [jvm.dll+0x5da77a]
V  [jvm.dll+0x70b9c9]
V  [jvm.dll+0x70cee8]
V  [jvm.dll+0x70d5b3]
V  [jvm.dll+0x23ddc8]
V  [jvm.dll+0xb0bf4]
V  [jvm.dll+0x5a41a2]
V  [jvm.dll+0x5a586a]
V  [jvm.dll+0x3e02e1]
C  0x00000154aef6f037

Java frames: (J=compiled Java code, j=interpreted, Vv=VM code)
j  java.lang.Module.addReads0(Ljava/lang/Module;Ljava/lang/Module;)V+0 java.base@11.0.3
j  java.lang.Module.defineModules(Ljava/lang/module/Configuration;Ljava/util/function/Function;Ljava/lang/ModuleLayer;)Ljava/util/Map;+619 java.base@11.0.3
j  java.lang.ModuleLayer.<init>(Ljava/lang/module/Configuration;Ljava/util/List;Ljava/util/function/Function;)V+34 java.base@11.0.3
j  java.lang.ModuleLayer.defineModules(Ljava/lang/module/Configuration;Ljava/util/List;Ljava/util/function/Function;)Ljava/lang/ModuleLayer$Controller;+40 java.base@11.0.3
j  java.lang.ModuleLayer.defineModules(Ljava/lang/module/Configuration;Ljava/util/function/Function;)Ljava/lang/ModuleLayer;+6 java.base@11.0.3
j  jdk.internal.module.ModuleBootstrap.boot()Ljava/lang/ModuleLayer;+1106 java.base@11.0.3
j  java.lang.System.initPhase2(ZZ)I+0 java.base@11.0.3
v  ~StubRoutines::call_stub

---------------  P R O C E S S  ---------------

Threads class SMR info:
_java_thread_list=0x00000154c573a8e0, length=8, elements={
0x00000154ab063800, 0x00000154c570f000, 0x00000154c5719800, 0x00000154c573c800,
0x00000154c573e800, 0x00000154c5740000, 0x00000154c63f6800, 0x00000154c640a000
}

Java Threads: ( => current thread )
=>0x00000154ab063800 JavaThread "main" [_thread_in_vm, id=15792, stack(0x0000000355c00000,0x0000000355d00000)]
  0x00000154c570f000 JavaThread "Reference Handler" daemon [_thread_blocked, id=23720, stack(0x0000000356300000,0x0000000356400000)]
  0x00000154c5719800 JavaThread "Finalizer" daemon [_thread_blocked, id=25932, stack(0x0000000356400000,0x0000000356500000)]
  0x00000154c573c800 JavaThread "Signal Dispatcher" daemon [_thread_blocked, id=23328, stack(0x0000000356500000,0x0000000356600000)]
  0x00000154c573e800 JavaThread "Attach Listener" daemon [_thread_blocked, id=21076, stack(0x0000000356600000,0x0000000356700000)]
  0x00000154c5740000 JavaThread "C2 CompilerThread0" daemon [_thread_blocked, id=11840, stack(0x0000000356700000,0x0000000356800000)]
  0x00000154c63f6800 JavaThread "C1 CompilerThread0" daemon [_thread_blocked, id=6856, stack(0x0000000356800000,0x0000000356900000)]
  0x00000154c640a000 JavaThread "Sweeper thread" daemon [_thread_blocked, id=8172, stack(0x0000000356900000,0x0000000356a00000)]

Other Threads:
  0x00000154c56ea000 VMThread "VM Thread" [stack: 0x0000000356200000,0x0000000356300000] [id=17048]
  0x00000154ab07d000 GCTaskThread "GC Thread#0" [stack: 0x0000000355d00000,0x0000000355e00000] [id=15028]
  0x00000154ab0ac800 ConcurrentGCThread "G1 Main Marker" [stack: 0x0000000355e00000,0x0000000355f00000] [id=24692]
  0x00000154ab0ae000 ConcurrentGCThread "G1 Conc#0" [stack: 0x0000000355f00000,0x0000000356000000] [id=19524]
  0x00000154ab131800 ConcurrentGCThread "G1 Refine#0" [stack: 0x0000000356000000,0x0000000356100000] [id=16880]
  0x00000154ab132800 ConcurrentGCThread "G1 Young RemSet Sampling" [stack: 0x0000000356100000,0x0000000356200000] [id=14240]

Threads with active compile tasks:

VM state:not at safepoint (normal execution)

VM Mutex/Monitor currently owned by a thread:  ([mutex/lock_event])
[0x00000154ab05f850] Module_lock - owner thread: 0x00000154ab063800

Heap address: 0x0000000081000000, size: 2032 MB, Compressed Oops mode: 32-bit
Narrow klass base: 0x0000000000000000, Narrow klass shift: 3
Compressed class space size: 1073741824 Address: 0x0000000100000000

Heap:
 garbage-first heap   total 131072K, used 1024K [0x0000000081000000, 0x0000000100000000)
  region size 1024K, 2 young (2048K), 0 survivors (0K)
 Metaspace       used 3229K, capacity 3400K, committed 3456K, reserved 1064960K
  class space    used 275K, capacity 384K, committed 384K, reserved 1048576K
Heap Regions: E=young(eden), S=young(survivor), O=old, HS=humongous(starts), HC=humongous(continues), CS=collection set, F=free, A=archive, TAMS=top-at-mark-start (previous, next)
|   0|0x0000000081000000, 0x0000000081000000, 0x0000000081100000|  0%| F|  |TAMS 0x0000000081000000, 0x0000000081000000| Untracked 
|   1|0x0000000081100000, 0x0000000081100000, 0x0000000081200000|  0%| F|  |TAMS 0x0000000081100000, 0x0000000081100000| Untracked 
|   2|0x0000000081200000, 0x0000000081200000, 0x0000000081300000|  0%| F|  |TAMS 0x0000000081200000, 0x0000000081200000| Untracked 
|   3|0x0000000081300000, 0x0000000081300000, 0x0000000081400000|  0%| F|  |TAMS 0x0000000081300000, 0x0000000081300000| Untracked 
|   4|0x0000000081400000, 0x0000000081400000, 0x0000000081500000|  0%| F|  |TAMS 0x0000000081400000, 0x0000000081400000| Untracked 
|   5|0x0000000081500000, 0x0000000081500000, 0x0000000081600000|  0%| F|  |TAMS 0x0000000081500000, 0x0000000081500000| Untracked 
|   6|0x0000000081600000, 0x0000000081600000, 0x0000000081700000|  0%| F|  |TAMS 0x0000000081600000, 0x0000000081600000| Untracked 
|   7|0x0000000081700000, 0x0000000081700000, 0x0000000081800000|  0%| F|  |TAMS 0x0000000081700000, 0x0000000081700000| Untracked 
|   8|0x0000000081800000, 0x0000000081800000, 0x0000000081900000|  0%| F|  |TAMS 0x0000000081800000, 0x0000000081800000| Untracked 
|   9|0x0000000081900000, 0x0000000081900000, 0x0000000081a00000|  0%| F|  |TAMS 0x0000000081900000, 0x0000000081900000| Untracked 
|  10|0x0000000081a00000, 0x0000000081a00000, 0x0000000081b00000|  0%| F|  |TAMS 0x0000000081a00000, 0x0000000081a00000| Untracked 
|  11|0x0000000081b00000, 0x0000000081b00000, 0x0000000081c00000|  0%| F|  |TAMS 0x0000000081b00000, 0x0000000081b00000| Untracked 
|  12|0x0000000081c00000, 0x0000000081c00000, 0x0000000081d00000|  0%| F|  |TAMS 0x0000000081c00000, 0x0000000081c00000| Untracked 
|  13|0x0000000081d00000, 0x0000000081d00000, 0x0000000081e00000|  0%| F|  |TAMS 0x0000000081d00000, 0x0000000081d00000| Untracked 
|  14|0x0000000081e00000, 0x0000000081e00000, 0x0000000081f00000|  0%| F|  |TAMS 0x0000000081e00000, 0x0000000081e00000| Untracked 
|  15|0x0000000081f00000, 0x0000000081f00000, 0x0000000082000000|  0%| F|  |TAMS 0x0000000081f00000, 0x0000000081f00000| Untracked 
|  16|0x0000000082000000, 0x0000000082000000, 0x0000000082100000|  0%| F|  |TAMS 0x0000000082000000, 0x0000000082000000| Untracked 
|  17|0x0000000082100000, 0x0000000082100000, 0x0000000082200000|  0%| F|  |TAMS 0x0000000082100000, 0x0000000082100000| Untracked 
|  18|0x0000000082200000, 0x0000000082200000, 0x0000000082300000|  0%| F|  |TAMS 0x0000000082200000, 0x0000000082200000| Untracked 
|  19|0x0000000082300000, 0x0000000082300000, 0x0000000082400000|  0%| F|  |TAMS 0x0000000082300000, 0x0000000082300000| Untracked 
|  20|0x0000000082400000, 0x0000000082400000, 0x0000000082500000|  0%| F|  |TAMS 0x0000000082400000, 0x0000000082400000| Untracked 
|  21|0x0000000082500000, 0x0000000082500000, 0x0000000082600000|  0%| F|  |TAMS 0x0000000082500000, 0x0000000082500000| Untracked 
|  22|0x0000000082600000, 0x0000000082600000, 0x0000000082700000|  0%| F|  |TAMS 0x0000000082600000, 0x0000000082600000| Untracked 
|  23|0x0000000082700000, 0x0000000082700000, 0x0000000082800000|  0%| F|  |TAMS 0x0000000082700000, 0x0000000082700000| Untracked 
|  24|0x0000000082800000, 0x0000000082800000, 0x0000000082900000|  0%| F|  |TAMS 0x0000000082800000, 0x0000000082800000| Untracked 
|  25|0x0000000082900000, 0x0000000082900000, 0x0000000082a00000|  0%| F|  |TAMS 0x0000000082900000, 0x0000000082900000| Untracked 
|  26|0x0000000082a00000, 0x0000000082a00000, 0x0000000082b00000|  0%| F|  |TAMS 0x0000000082a00000, 0x0000000082a00000| Untracked 
|  27|0x0000000082b00000, 0x0000000082b00000, 0x0000000082c00000|  0%| F|  |TAMS 0x0000000082b00000, 0x0000000082b00000| Untracked 
|  28|0x0000000082c00000, 0x0000000082c00000, 0x0000000082d00000|  0%| F|  |TAMS 0x0000000082c00000, 0x0000000082c00000| Untracked 
|  29|0x0000000082d00000, 0x0000000082d00000, 0x0000000082e00000|  0%| F|  |TAMS 0x0000000082d00000, 0x0000000082d00000| Untracked 
|  30|0x0000000082e00000, 0x0000000082e00000, 0x0000000082f00000|  0%| F|  |TAMS 0x0000000082e00000, 0x0000000082e00000| Untracked 
|  31|0x0000000082f00000, 0x0000000082f00000, 0x0000000083000000|  0%| F|  |TAMS 0x0000000082f00000, 0x0000000082f00000| Untracked 
|  32|0x0000000083000000, 0x0000000083000000, 0x0000000083100000|  0%| F|  |TAMS 0x0000000083000000, 0x0000000083000000| Untracked 
|  33|0x0000000083100000, 0x0000000083100000, 0x0000000083200000|  0%| F|  |TAMS 0x0000000083100000, 0x0000000083100000| Untracked 
|  34|0x0000000083200000, 0x0000000083200000, 0x0000000083300000|  0%| F|  |TAMS 0x0000000083200000, 0x0000000083200000| Untracked 
|  35|0x0000000083300000, 0x0000000083300000, 0x0000000083400000|  0%| F|  |TAMS 0x0000000083300000, 0x0000000083300000| Untracked 
|  36|0x0000000083400000, 0x0000000083400000, 0x0000000083500000|  0%| F|  |TAMS 0x0000000083400000, 0x0000000083400000| Untracked 
|  37|0x0000000083500000, 0x0000000083500000, 0x0000000083600000|  0%| F|  |TAMS 0x0000000083500000, 0x0000000083500000| Untracked 
|  38|0x0000000083600000, 0x0000000083600000, 0x0000000083700000|  0%| F|  |TAMS 0x0000000083600000, 0x0000000083600000| Untracked 
|  39|0x0000000083700000, 0x0000000083700000, 0x0000000083800000|  0%| F|  |TAMS 0x0000000083700000, 0x0000000083700000| Untracked 
|  40|0x0000000083800000, 0x0000000083800000, 0x0000000083900000|  0%| F|  |TAMS 0x0000000083800000, 0x0000000083800000| Untracked 
|  41|0x0000000083900000, 0x0000000083900000, 0x0000000083a00000|  0%| F|  |TAMS 0x0000000083900000, 0x0000000083900000| Untracked 
|  42|0x0000000083a00000, 0x0000000083a00000, 0x0000000083b00000|  0%| F|  |TAMS 0x0000000083a00000, 0x0000000083a00000| Untracked 
|  43|0x0000000083b00000, 0x0000000083b00000, 0x0000000083c00000|  0%| F|  |TAMS 0x0000000083b00000, 0x0000000083b00000| Untracked 
|  44|0x0000000083c00000, 0x0000000083c00000, 0x0000000083d00000|  0%| F|  |TAMS 0x0000000083c00000, 0x0000000083c00000| Untracked 
|  45|0x0000000083d00000, 0x0000000083d00000, 0x0000000083e00000|  0%| F|  |TAMS 0x0000000083d00000, 0x0000000083d00000| Untracked 
|  46|0x0000000083e00000, 0x0000000083e00000, 0x0000000083f00000|  0%| F|  |TAMS 0x0000000083e00000, 0x0000000083e00000| Untracked 
|  47|0x0000000083f00000, 0x0000000083f00000, 0x0000000084000000|  0%| F|  |TAMS 0x0000000083f00000, 0x0000000083f00000| Untracked 
|  48|0x0000000084000000, 0x0000000084000000, 0x0000000084100000|  0%| F|  |TAMS 0x0000000084000000, 0x0000000084000000| Untracked 
|  49|0x0000000084100000, 0x0000000084100000, 0x0000000084200000|  0%| F|  |TAMS 0x0000000084100000, 0x0000000084100000| Untracked 
|  50|0x0000000084200000, 0x0000000084200000, 0x0000000084300000|  0%| F|  |TAMS 0x0000000084200000, 0x0000000084200000| Untracked 
|  51|0x0000000084300000, 0x0000000084300000, 0x0000000084400000|  0%| F|  |TAMS 0x0000000084300000, 0x0000000084300000| Untracked 
|  52|0x0000000084400000, 0x0000000084400000, 0x0000000084500000|  0%| F|  |TAMS 0x0000000084400000, 0x0000000084400000| Untracked 
|  53|0x0000000084500000, 0x0000000084500000, 0x0000000084600000|  0%| F|  |TAMS 0x0000000084500000, 0x0000000084500000| Untracked 
|  54|0x0000000084600000, 0x0000000084600000, 0x0000000084700000|  0%| F|  |TAMS 0x0000000084600000, 0x0000000084600000| Untracked 
|  55|0x0000000084700000, 0x0000000084700000, 0x0000000084800000|  0%| F|  |TAMS 0x0000000084700000, 0x0000000084700000| Untracked 
|  56|0x0000000084800000, 0x0000000084800000, 0x0000000084900000|  0%| F|  |TAMS 0x0000000084800000, 0x0000000084800000| Untracked 
|  57|0x0000000084900000, 0x0000000084900000, 0x0000000084a00000|  0%| F|  |TAMS 0x0000000084900000, 0x0000000084900000| Untracked 
|  58|0x0000000084a00000, 0x0000000084a00000, 0x0000000084b00000|  0%| F|  |TAMS 0x0000000084a00000, 0x0000000084a00000| Untracked 
|  59|0x0000000084b00000, 0x0000000084b00000, 0x0000000084c00000|  0%| F|  |TAMS 0x0000000084b00000, 0x0000000084b00000| Untracked 
|  60|0x0000000084c00000, 0x0000000084c00000, 0x0000000084d00000|  0%| F|  |TAMS 0x0000000084c00000, 0x0000000084c00000| Untracked 
|  61|0x0000000084d00000, 0x0000000084d00000, 0x0000000084e00000|  0%| F|  |TAMS 0x0000000084d00000, 0x0000000084d00000| Untracked 
|  62|0x0000000084e00000, 0x0000000084e00000, 0x0000000084f00000|  0%| F|  |TAMS 0x0000000084e00000, 0x0000000084e00000| Untracked 
|  63|0x0000000084f00000, 0x0000000084f00000, 0x0000000085000000|  0%| F|  |TAMS 0x0000000084f00000, 0x0000000084f00000| Untracked 
|  64|0x0000000085000000, 0x0000000085000000, 0x0000000085100000|  0%| F|  |TAMS 0x0000000085000000, 0x0000000085000000| Untracked 
|  65|0x0000000085100000, 0x0000000085100000, 0x0000000085200000|  0%| F|  |TAMS 0x0000000085100000, 0x0000000085100000| Untracked 
|  66|0x0000000085200000, 0x0000000085200000, 0x0000000085300000|  0%| F|  |TAMS 0x0000000085200000, 0x0000000085200000| Untracked 
|  67|0x0000000085300000, 0x0000000085300000, 0x0000000085400000|  0%| F|  |TAMS 0x0000000085300000, 0x0000000085300000| Untracked 
|  68|0x0000000085400000, 0x0000000085400000, 0x0000000085500000|  0%| F|  |TAMS 0x0000000085400000, 0x0000000085400000| Untracked 
|  69|0x0000000085500000, 0x0000000085500000, 0x0000000085600000|  0%| F|  |TAMS 0x0000000085500000, 0x0000000085500000| Untracked 
|  70|0x0000000085600000, 0x0000000085600000, 0x0000000085700000|  0%| F|  |TAMS 0x0000000085600000, 0x0000000085600000| Untracked 
|  71|0x0000000085700000, 0x0000000085700000, 0x0000000085800000|  0%| F|  |TAMS 0x0000000085700000, 0x0000000085700000| Untracked 
|  72|0x0000000085800000, 0x0000000085800000, 0x0000000085900000|  0%| F|  |TAMS 0x0000000085800000, 0x0000000085800000| Untracked 
|  73|0x0000000085900000, 0x0000000085900000, 0x0000000085a00000|  0%| F|  |TAMS 0x0000000085900000, 0x0000000085900000| Untracked 
|  74|0x0000000085a00000, 0x0000000085a00000, 0x0000000085b00000|  0%| F|  |TAMS 0x0000000085a00000, 0x0000000085a00000| Untracked 
|  75|0x0000000085b00000, 0x0000000085b00000, 0x0000000085c00000|  0%| F|  |TAMS 0x0000000085b00000, 0x0000000085b00000| Untracked 
|  76|0x0000000085c00000, 0x0000000085c00000, 0x0000000085d00000|  0%| F|  |TAMS 0x0000000085c00000, 0x0000000085c00000| Untracked 
|  77|0x0000000085d00000, 0x0000000085d00000, 0x0000000085e00000|  0%| F|  |TAMS 0x0000000085d00000, 0x0000000085d00000| Untracked 
|  78|0x0000000085e00000, 0x0000000085e00000, 0x0000000085f00000|  0%| F|  |TAMS 0x0000000085e00000, 0x0000000085e00000| Untracked 
|  79|0x0000000085f00000, 0x0000000085f00000, 0x0000000086000000|  0%| F|  |TAMS 0x0000000085f00000, 0x0000000085f00000| Untracked 
|  80|0x0000000086000000, 0x0000000086000000, 0x0000000086100000|  0%| F|  |TAMS 0x0000000086000000, 0x0000000086000000| Untracked 
|  81|0x0000000086100000, 0x0000000086100000, 0x0000000086200000|  0%| F|  |TAMS 0x0000000086100000, 0x0000000086100000| Untracked 
|  82|0x0000000086200000, 0x0000000086200000, 0x0000000086300000|  0%| F|  |TAMS 0x0000000086200000, 0x0000000086200000| Untracked 
|  83|0x0000000086300000, 0x0000000086300000, 0x0000000086400000|  0%| F|  |TAMS 0x0000000086300000, 0x0000000086300000| Untracked 
|  84|0x0000000086400000, 0x0000000086400000, 0x0000000086500000|  0%| F|  |TAMS 0x0000000086400000, 0x0000000086400000| Untracked 
|  85|0x0000000086500000, 0x0000000086500000, 0x0000000086600000|  0%| F|  |TAMS 0x0000000086500000, 0x0000000086500000| Untracked 
|  86|0x0000000086600000, 0x0000000086600000, 0x0000000086700000|  0%| F|  |TAMS 0x0000000086600000, 0x0000000086600000| Untracked 
|  87|0x0000000086700000, 0x0000000086700000, 0x0000000086800000|  0%| F|  |TAMS 0x0000000086700000, 0x0000000086700000| Untracked 
|  88|0x0000000086800000, 0x0000000086800000, 0x0000000086900000|  0%| F|  |TAMS 0x0000000086800000, 0x0000000086800000| Untracked 
|  89|0x0000000086900000, 0x0000000086900000, 0x0000000086a00000|  0%| F|  |TAMS 0x0000000086900000, 0x0000000086900000| Untracked 
|  90|0x0000000086a00000, 0x0000000086a00000, 0x0000000086b00000|  0%| F|  |TAMS 0x0000000086a00000, 0x0000000086a00000| Untracked 
|  91|0x0000000086b00000, 0x0000000086b00000, 0x0000000086c00000|  0%| F|  |TAMS 0x0000000086b00000, 0x0000000086b00000| Untracked 
|  92|0x0000000086c00000, 0x0000000086c00000, 0x0000000086d00000|  0%| F|  |TAMS 0x0000000086c00000, 0x0000000086c00000| Untracked 
|  93|0x0000000086d00000, 0x0000000086d00000, 0x0000000086e00000|  0%| F|  |TAMS 0x0000000086d00000, 0x0000000086d00000| Untracked 
|  94|0x0000000086e00000, 0x0000000086e00000, 0x0000000086f00000|  0%| F|  |TAMS 0x0000000086e00000, 0x0000000086e00000| Untracked 
|  95|0x0000000086f00000, 0x0000000086f00000, 0x0000000087000000|  0%| F|  |TAMS 0x0000000086f00000, 0x0000000086f00000| Untracked 
|  96|0x0000000087000000, 0x0000000087000000, 0x0000000087100000|  0%| F|  |TAMS 0x0000000087000000, 0x0000000087000000| Untracked 
|  97|0x0000000087100000, 0x0000000087100000, 0x0000000087200000|  0%| F|  |TAMS 0x0000000087100000, 0x0000000087100000| Untracked 
|  98|0x0000000087200000, 0x0000000087200000, 0x0000000087300000|  0%| F|  |TAMS 0x0000000087200000, 0x0000000087200000| Untracked 
|  99|0x0000000087300000, 0x0000000087300000, 0x0000000087400000|  0%| F|  |TAMS 0x0000000087300000, 0x0000000087300000| Untracked 
| 100|0x0000000087400000, 0x0000000087400000, 0x0000000087500000|  0%| F|  |TAMS 0x0000000087400000, 0x0000000087400000| Untracked 
| 101|0x0000000087500000, 0x0000000087500000, 0x0000000087600000|  0%| F|  |TAMS 0x0000000087500000, 0x0000000087500000| Untracked 
| 102|0x0000000087600000, 0x0000000087600000, 0x0000000087700000|  0%| F|  |TAMS 0x0000000087600000, 0x0000000087600000| Untracked 
| 103|0x0000000087700000, 0x0000000087700000, 0x0000000087800000|  0%| F|  |TAMS 0x0000000087700000, 0x0000000087700000| Untracked 
| 104|0x0000000087800000, 0x0000000087800000, 0x0000000087900000|  0%| F|  |TAMS 0x0000000087800000, 0x0000000087800000| Untracked 
| 105|0x0000000087900000, 0x0000000087900000, 0x0000000087a00000|  0%| F|  |TAMS 0x0000000087900000, 0x0000000087900000| Untracked 
| 106|0x0000000087a00000, 0x0000000087a00000, 0x0000000087b00000|  0%| F|  |TAMS 0x0000000087a00000, 0x0000000087a00000| Untracked 
| 107|0x0000000087b00000, 0x0000000087b00000, 0x0000000087c00000|  0%| F|  |TAMS 0x0000000087b00000, 0x0000000087b00000| Untracked 
| 108|0x0000000087c00000, 0x0000000087c00000, 0x0000000087d00000|  0%| F|  |TAMS 0x0000000087c00000, 0x0000000087c00000| Untracked 
| 109|0x0000000087d00000, 0x0000000087d00000, 0x0000000087e00000|  0%| F|  |TAMS 0x0000000087d00000, 0x0000000087d00000| Untracked 
| 110|0x0000000087e00000, 0x0000000087e00000, 0x0000000087f00000|  0%| F|  |TAMS 0x0000000087e00000, 0x0000000087e00000| Untracked 
| 111|0x0000000087f00000, 0x0000000087f00000, 0x0000000088000000|  0%| F|  |TAMS 0x0000000087f00000, 0x0000000087f00000| Untracked 
| 112|0x0000000088000000, 0x0000000088000000, 0x0000000088100000|  0%| F|  |TAMS 0x0000000088000000, 0x0000000088000000| Untracked 
| 113|0x0000000088100000, 0x0000000088100000, 0x0000000088200000|  0%| F|  |TAMS 0x0000000088100000, 0x0000000088100000| Untracked 
| 114|0x0000000088200000, 0x0000000088200000, 0x0000000088300000|  0%| F|  |TAMS 0x0000000088200000, 0x0000000088200000| Untracked 
| 115|0x0000000088300000, 0x0000000088300000, 0x0000000088400000|  0%| F|  |TAMS 0x0000000088300000, 0x0000000088300000| Untracked 
| 116|0x0000000088400000, 0x0000000088400000, 0x0000000088500000|  0%| F|  |TAMS 0x0000000088400000, 0x0000000088400000| Untracked 
| 117|0x0000000088500000, 0x0000000088500000, 0x0000000088600000|  0%| F|  |TAMS 0x0000000088500000, 0x0000000088500000| Untracked 
| 118|0x0000000088600000, 0x0000000088600000, 0x0000000088700000|  0%| F|  |TAMS 0x0000000088600000, 0x0000000088600000| Untracked 
| 119|0x0000000088700000, 0x0000000088700000, 0x0000000088800000|  0%| F|  |TAMS 0x0000000088700000, 0x0000000088700000| Untracked 
| 120|0x0000000088800000, 0x0000000088800000, 0x0000000088900000|  0%| F|  |TAMS 0x0000000088800000, 0x0000000088800000| Untracked 
| 121|0x0000000088900000, 0x0000000088900000, 0x0000000088a00000|  0%| F|  |TAMS 0x0000000088900000, 0x0000000088900000| Untracked 
| 122|0x0000000088a00000, 0x0000000088a00000, 0x0000000088b00000|  0%| F|  |TAMS 0x0000000088a00000, 0x0000000088a00000| Untracked 
| 123|0x0000000088b00000, 0x0000000088b00000, 0x0000000088c00000|  0%| F|  |TAMS 0x0000000088b00000, 0x0000000088b00000| Untracked 
| 124|0x0000000088c00000, 0x0000000088c00000, 0x0000000088d00000|  0%| F|  |TAMS 0x0000000088c00000, 0x0000000088c00000| Untracked 
| 125|0x0000000088d00000, 0x0000000088d00000, 0x0000000088e00000|  0%| F|  |TAMS 0x0000000088d00000, 0x0000000088d00000| Untracked 
| 126|0x0000000088e00000, 0x0000000088e482f0, 0x0000000088f00000| 28%| E|  |TAMS 0x0000000088e00000, 0x0000000088e00000| Complete 
| 127|0x0000000088f00000, 0x0000000089000000, 0x0000000089000000|100%| E|CS|TAMS 0x0000000088f00000, 0x0000000088f00000| Complete 

Card table byte_map: [0x00000154be990000,0x00000154bed90000] _byte_map_base: 0x00000154be588000

Marking Bits (Prev, Next): (CMBitMap*) 0x00000154ab0a4048, (CMBitMap*) 0x00000154ab0a4080
 Prev Bits: [0x00000154bf190000, 0x00000154c1150000)
 Next Bits: [0x00000154c1150000, 0x00000154c3110000)

Polling page: 0x00000154a9710000

Metaspace:

Usage:
  Non-class:      2.95 MB capacity,     2.88 MB ( 98%) used,    59.50 KB (  2%) free+waste,     3.06 KB ( <1%) overhead. 
      Class:    384.00 KB capacity,   275.95 KB ( 72%) used,   107.98 KB ( 28%) free+waste,    64 bytes ( <1%) overhead. 
       Both:      3.32 MB capacity,     3.15 MB ( 95%) used,   167.48 KB (  5%) free+waste,     3.13 KB ( <1%) overhead. 

Virtual space:
  Non-class space:       16.00 MB reserved,       3.00 MB ( 19%) committed 
      Class space:        1.00 GB reserved,     384.00 KB ( <1%) committed 
             Both:        1.02 GB reserved,       3.38 MB ( <1%) committed 

Chunk freelists:
   Non-Class:  56.00 KB
       Class:  0 bytes
        Both:  56.00 KB

CodeHeap 'non-profiled nmethods': size=120064Kb used=16Kb max_used=16Kb free=120048Kb
 bounds [0x00000154b6a20000, 0x00000154b6c90000, 0x00000154bdf60000]
CodeHeap 'profiled nmethods': size=120000Kb used=91Kb max_used=91Kb free=119908Kb
 bounds [0x00000154af4f0000, 0x00000154af760000, 0x00000154b6a20000]
CodeHeap 'non-nmethods': size=5696Kb used=989Kb max_used=995Kb free=4706Kb
 bounds [0x00000154aef60000, 0x00000154af1d0000, 0x00000154af4f0000]
 total_blobs=351 nmethods=66 adapters=150
 compilation: enabled
              stopped_count=0, restarted_count=0
 full_count=0

Compilation events (10 events):
Event: 0.139 Thread 0x00000154c63f6800   62       1       java.util.Collections$EmptySet::isEmpty (2 bytes)
Event: 0.139 Thread 0x00000154c63f6800 nmethod 62 0x00000154b6a23590 code [0x00000154b6a23740, 0x00000154b6a23858]
Event: 0.139 Thread 0x00000154c63f6800   65       3       java.util.HashSet::add (20 bytes)
Event: 0.139 Thread 0x00000154c63f6800 nmethod 65 0x00000154af506290 code [0x00000154af506480, 0x00000154af506920]
Event: 0.139 Thread 0x00000154c63f6800   66       3       java.util.ImmutableCollections$Set12::size (13 bytes)
Event: 0.139 Thread 0x00000154c63f6800 nmethod 66 0x00000154af506a90 code [0x00000154af506c40, 0x00000154af506e18]
Event: 0.139 Thread 0x00000154c63f6800   63       1       java.lang.module.ModuleDescriptor::isAutomatic (5 bytes)
Event: 0.139 Thread 0x00000154c63f6800 nmethod 63 0x00000154b6a23910 code [0x00000154b6a23ac0, 0x00000154b6a23bd8]
Event: 0.139 Thread 0x00000154c63f6800   64       1       java.lang.module.ModuleDescriptor$Exports::targets (5 bytes)
Event: 0.139 Thread 0x00000154c63f6800 nmethod 64 0x00000154b6a23c90 code [0x00000154b6a23e40, 0x00000154b6a23f58]

GC Heap History (0 events):
No events

Deoptimization events (0 events):
No events

Classes redefined (0 events):
No events

Internal exceptions (0 events):
No events

Events (10 events):
Event: 0.133 loading class java/util/ListIterator done
Event: 0.133 loading class java/util/ImmutableCollections$ListItr done
Event: 0.133 loading class java/util/ArrayList$Itr
Event: 0.133 loading class java/util/ArrayList$Itr done
Event: 0.137 loading class java/util/Collections$UnmodifiableSet
Event: 0.137 loading class java/util/Collections$UnmodifiableCollection
Event: 0.137 loading class java/util/Collections$UnmodifiableCollection done
Event: 0.137 loading class java/util/Collections$UnmodifiableSet done
Event: 0.137 loading class java/util/Collections$UnmodifiableCollection$1
Event: 0.138 loading class java/util/Collections$UnmodifiableCollection$1 done


Dynamic libraries:
0x00007ff6a3730000 - 0x00007ff6a3777000 	C:\Program Files\JetBrains\IntelliJ IDEA 2019.2.1\jbr\bin\java.exe
0x00007fff7d1a0000 - 0x00007fff7d390000 	C:\windows\SYSTEM32\ntdll.dll
0x00007fff7cc60000 - 0x00007fff7cd12000 	C:\windows\System32\KERNEL32.DLL
0x00007fff7ae00000 - 0x00007fff7b0a3000 	C:\windows\System32\KERNELBASE.dll
0x00007fff7ca60000 - 0x00007fff7cbf4000 	C:\windows\System32\USER32.dll
0x00007fff7aa60000 - 0x00007fff7aa81000 	C:\windows\System32\win32u.dll
0x00007fff7bc90000 - 0x00007fff7bcb6000 	C:\windows\System32\GDI32.dll
0x00007fff7b0b0000 - 0x00007fff7b244000 	C:\windows\System32\gdi32full.dll
0x00007fff7aa90000 - 0x00007fff7ab2e000 	C:\windows\System32\msvcp_win.dll
0x00007fff7ad00000 - 0x00007fff7adfa000 	C:\windows\System32\ucrtbase.dll
0x00007fff6db60000 - 0x00007fff6dde5000 	C:\windows\WinSxS\amd64_microsoft.windows.common-controls_6595b64144ccf1df_6.0.18362.476_none_e6c4b11b130f2595\COMCTL32.dll
0x00007fff7b620000 - 0x00007fff7b6be000 	C:\windows\System32\msvcrt.dll
0x00007fff7bd80000 - 0x00007fff7c0b6000 	C:\windows\System32\combase.dll
0x00007fff7c7c0000 - 0x00007fff7c8e0000 	C:\windows\System32\RPCRT4.dll
0x00007fff7ab30000 - 0x00007fff7abb0000 	C:\windows\System32\bcryptPrimitives.dll
0x00007fff7b740000 - 0x00007fff7b76e000 	C:\windows\System32\IMM32.DLL
0x00007fff5d190000 - 0x00007fff5d1a7000 	C:\Program Files\JetBrains\IntelliJ IDEA 2019.2.1\jbr\bin\vcruntime140.dll
0x00007fff30320000 - 0x00007fff303bd000 	C:\Program Files\JetBrains\IntelliJ IDEA 2019.2.1\jbr\bin\msvcp140.dll
0x00007fff35fe0000 - 0x00007fff36a97000 	C:\Program Files\JetBrains\IntelliJ IDEA 2019.2.1\jbr\bin\server\jvm.dll
0x00007fff7bcc0000 - 0x00007fff7bd63000 	C:\windows\System32\ADVAPI32.dll
0x00007fff7bbf0000 - 0x00007fff7bc87000 	C:\windows\System32\sechost.dll
0x00007fff7b770000 - 0x00007fff7b778000 	C:\windows\System32\PSAPI.DLL
0x00007fff37810000 - 0x00007fff37819000 	C:\windows\SYSTEM32\WSOCK32.dll
0x00007fff781e0000 - 0x00007fff78204000 	C:\windows\SYSTEM32\WINMM.dll
0x00007fff7c8e0000 - 0x00007fff7c94f000 	C:\windows\System32\WS2_32.dll
0x00007fff746c0000 - 0x00007fff746ca000 	C:\windows\SYSTEM32\VERSION.dll
0x00007fff781b0000 - 0x00007fff781dd000 	C:\windows\SYSTEM32\winmmbase.dll
0x00007fff7aa10000 - 0x00007fff7aa5a000 	C:\windows\System32\cfgmgr32.dll
0x00007fff7a0d0000 - 0x00007fff7a0e1000 	C:\windows\System32\kernel.appcore.dll
0x00007fff674c0000 - 0x00007fff674d1000 	C:\Program Files\JetBrains\IntelliJ IDEA 2019.2.1\jbr\bin\verify.dll
0x00007fff67d70000 - 0x00007fff67f64000 	C:\windows\SYSTEM32\DBGHELP.DLL
0x00007fff67740000 - 0x00007fff6776a000 	C:\windows\SYSTEM32\dbgcore.DLL
0x00007fff67490000 - 0x00007fff674b9000 	C:\Program Files\JetBrains\IntelliJ IDEA 2019.2.1\jbr\bin\java.dll
0x00007fff66430000 - 0x00007fff66447000 	C:\Program Files\JetBrains\IntelliJ IDEA 2019.2.1\jbr\bin\zip.dll
0x00007fff76a40000 - 0x00007fff76a4b000 	C:\Program Files\JetBrains\IntelliJ IDEA 2019.2.1\jbr\bin\jimage.dll
0x00007fff7c0d0000 - 0x00007fff7c7b5000 	C:\windows\System32\SHELL32.dll
0x00007fff7b510000 - 0x00007fff7b5b9000 	C:\windows\System32\shcore.dll
0x00007fff7a160000 - 0x00007fff7a8de000 	C:\windows\System32\windows.storage.dll
0x00007fff7a110000 - 0x00007fff7a12f000 	C:\windows\System32\profapi.dll
0x00007fff7a080000 - 0x00007fff7a0ca000 	C:\windows\System32\powrprof.dll
0x00007fff7a070000 - 0x00007fff7a080000 	C:\windows\System32\UMPDC.dll
0x00007fff7b5c0000 - 0x00007fff7b612000 	C:\windows\System32\shlwapi.dll
0x00007fff7a9f0000 - 0x00007fff7aa07000 	C:\windows\System32\cryptsp.dll

dbghelp: loaded successfully - version: 4.0.5 - missing functions: none
symbol engine: initialized successfully - sym options: 0x614 - pdb path: (cannot be retrieved)

VM Arguments:
java_command: org.jetbrains.git4idea.http.GitAskPassApp Username for 'http://jcode.cbpmgt.com': 
java_class_path (initial): C:/Program Files/JetBrains/IntelliJ IDEA 2019.2.1/plugins/git4idea/lib/git4idea-rt.jar;C:/Program Files/JetBrains/IntelliJ IDEA 2019.2.1/lib/xmlrpc-2.0.1.jar;C:/Program Files/JetBrains/IntelliJ IDEA 2019.2.1/lib/commons-codec-1.13.jar;C:/Program Files/JetBrains/IntelliJ IDEA 2019.2.1/lib/util.jar
Launcher Type: SUN_STANDARD


[error occurred during error reporting (printing flags), id 0xe0000001, Out of Memory Error (c:/BuildAgent/work/5ff2f6c26000d570/src/hotspot/share/memory/allocation.cpp:46)]

Logging:
Log output configuration:
 #0: stdout all=warning uptime,level,tags
 #1: stderr all=off uptime,level,tags

Environment Variables:
PATH=C:\Program Files\Git\mingw64\libexec\git-core;C:\Program Files\Git\mingw64\libexec\git-core;C:\Program Files\Git\mingw64\bin;C:\Program Files\Git\usr\bin;C:\Users\ningsheng\bin;C:\Program Files (x86)\Common Files\Oracle\Java\javapath;C:\windows\system32;C:\windows;C:\windows\System32\Wbem;C:\windows\System32\WindowsPowerShell\v1.0;C:\windows\System32\OpenSSH;C:\Program Files\Git\cmd;C:\Program Files\Git\mingw64\bin;C:\Program Files\Git\usr\bin;C:\Program Files\nodejs;C:\Golang\bin;C:\Users\ningsheng\AppData\Local\Microsoft\WindowsApps;C:\Program Files\Apache Maven\apache-maven-3.6.1\bin;C:\Users\ningsheng\AppData\Roaming\npm;C:\Users\ningsheng\go\bin;D:\go\bin;C:\Golang\bin
USERNAME=ningsheng
DISPLAY=:0.0
OS=Windows_NT
PROCESSOR_IDENTIFIER=Intel64 Family 6 Model 158 Stepping 9, GenuineIntel



---------------  S Y S T E M  ---------------

OS: Windows 10 , 64 bit Build 18362 (10.0.18362.329)

CPU:total 4 (initial active 4) (4 cores per cpu, 1 threads per core) family 6 model 158 stepping 9, cmov, cx8, fxsr, mmx, sse, sse2, sse3, ssse3, sse4.1, sse4.2, popcnt, avx, avx2, aes, clmul, erms, rtm, 3dnowpref, lzcnt, tsc, tscinvbit, bmi1, bmi2, adx, fma

Memory: 4k page, system-wide physical 8120M (414M free)
TotalPageFile size 32696M (AvailPageFile size 0M)
current process WorkingSet (physical memory assigned to process): 30M, peak: 30M
current process commit charge ("private bytes"): 192M, peak: 192M

vm_info: OpenJDK 64-Bit Server VM (11.0.3+12-b304.39) for windows-amd64 JRE (11.0.3+12-b304.39), built on Aug 14 2019 11:03:43 by "" with MS VC++ 14.0 (VS2015)

END.
